  Graphs.cpp
d:\documents\visual studio 2017\projects\graphs\graphs\graphs.cpp(69): warning C4018: <: несоответствие типов со знаком и без знака
d:\documents\visual studio 2017\projects\graphs\graphs\graphs.cpp(116): warning C4018: <: несоответствие типов со знаком и без знака
d:\documents\visual studio 2017\projects\graphs\graphs\graphs.cpp(147): warning C4018: <: несоответствие типов со знаком и без знака
d:\documents\visual studio 2017\projects\graphs\graphs\graphs.cpp(176): warning C4018: <: несоответствие типов со знаком и без знака
d:\documents\visual studio 2017\projects\graphs\graphs\graphs.cpp(177): warning C4018: <: несоответствие типов со знаком и без знака
d:\documents\visual studio 2017\projects\graphs\graphs\graphs.cpp(202): warning C4018: <: несоответствие типов со знаком и без знака
d:\documents\visual studio 2017\projects\graphs\graphs\graphs.cpp(268): warning C4018: >: несоответствие типов со знаком и без знака
d:\documents\visual studio 2017\projects\graphs\graphs\graphs.cpp(272): warning C4018: >: несоответствие типов со знаком и без знака
d:\documents\visual studio 2017\projects\graphs\graphs\graphs.cpp(292): warning C4018: <: несоответствие типов со знаком и без знака
d:\documents\visual studio 2017\projects\graphs\graphs\graphs.cpp(338): warning C4018: <: несоответствие типов со знаком и без знака
d:\documents\visual studio 2017\projects\graphs\graphs\graphs.cpp(409): warning C4018: <=: несоответствие типов со знаком и без знака
d:\documents\visual studio 2017\projects\graphs\graphs\graphs.cpp(425): warning C4018: <: несоответствие типов со знаком и без знака
d:\documents\visual studio 2017\projects\graphs\graphs\graphs.cpp(594): warning C4018: <: несоответствие типов со знаком и без знака
d:\documents\visual studio 2017\projects\graphs\graphs\graphs.cpp(602): warning C4018: <: несоответствие типов со знаком и без знака
d:\documents\visual studio 2017\projects\graphs\graphs\graphs.cpp(617): warning C4018: <: несоответствие типов со знаком и без знака
d:\documents\visual studio 2017\projects\graphs\graphs\graphs.cpp(640): warning C4018: <: несоответствие типов со знаком и без знака
d:\documents\visual studio 2017\projects\graphs\graphs\graphs.cpp(648): warning C4018: <: несоответствие типов со знаком и без знака
d:\documents\visual studio 2017\projects\graphs\graphs\graphs.cpp(663): warning C4018: <: несоответствие типов со знаком и без знака
  Graphs.vcxproj -> D:\Documents\Visual Studio 2017\Projects\Graphs\Debug\Graphs.exe
